android/app/build/intermediates/manifest_merge_blame_file/debug/manifest-merger-blame-debug-report.txt
1<?xml version="1.0" encoding="utf-8"?>
2<manifest xmlns:android="http://schemas.android.com/apk/res/android"
3    package="com.targetapp"
4    android:versionCode="1"
5    android:versionName="1.0" >
6
7    <uses-sdk
8        android:minSdkVersion="21"
9        android:targetSdkVersion="31" />
10
11    <uses-permission android:name="android.permission.SYSTEM_ALERT_WINDOW" />
11-->src/debug/AndroidManifest.xml:5:5-77
11-->src/debug/AndroidManifest.xml:5:22-75
12    <uses-permission android:name="android.permission.INTERNET" />
12-->src/main/AndroidManifest.xml:4:5-67
12-->src/main/AndroidManifest.xml:4:22-64
13    <uses-permission android:name="android.permission.ACCESS_NETWORK_STATE" />
13-->src/main/AndroidManifest.xml:5:5-79
13-->src/main/AndroidManifest.xml:5:22-76
14    <uses-permission android:name="android.permission.ACCESS_WIFI_STATE" />
14-->[com.facebook.flipper:flipper:0.125.0] AndroidManifest.xml:16:5-76
14-->[com.facebook.flipper:flipper:0.125.0] AndroidManifest.xml:16:22-73
15
16    <application
16-->src/main/AndroidManifest.xml:8:5-41:19
17        android:name="com.targetapp.MainApplication"
17-->src/main/AndroidManifest.xml:9:7-38
18        android:allowBackup="false"
18-->src/main/AndroidManifest.xml:13:7-34
19        android:appComponentFactory="androidx.core.app.CoreComponentFactory"
19-->[androidx.core:core:1.7.0] AndroidManifest.xml:24:18-86
20        android:debuggable="true"
21        android:icon="@mipmap/ic_launcher"
21-->src/main/AndroidManifest.xml:11:7-41
22        android:label="@string/app_name"
22-->src/main/AndroidManifest.xml:10:7-39
23        android:roundIcon="@mipmap/ic_launcher_round"
23-->src/main/AndroidManifest.xml:12:7-52
24        android:theme="@style/AppTheme"
24-->src/main/AndroidManifest.xml:14:7-38
25        android:usesCleartextTraffic="true" >
25-->src/debug/AndroidManifest.xml:8:9-44
26        <activity
26-->src/debug/AndroidManifest.xml:11:9-111
27            android:name="com.facebook.react.devsupport.DevSettingsActivity"
27-->src/debug/AndroidManifest.xml:11:19-83
28            android:exported="false" />
28-->src/debug/AndroidManifest.xml:11:84-108
29        <activity
29-->src/main/AndroidManifest.xml:15:7-40:18
30            android:name="com.targetapp.MainActivity"
30-->src/main/AndroidManifest.xml:16:9-37
31            android:configChanges="keyboard|keyboardHidden|orientation|screenLayout|screenSize|smallestScreenSize|uiMode"
31-->src/main/AndroidManifest.xml:18:9-118
32            android:exported="true"
32-->src/main/AndroidManifest.xml:21:9-32
33            android:label="@string/app_name"
33-->src/main/AndroidManifest.xml:17:9-41
34            android:launchMode="singleTask"
34-->src/main/AndroidManifest.xml:19:9-40
35            android:windowSoftInputMode="adjustResize" >
35-->src/main/AndroidManifest.xml:20:9-51
36            <intent-filter android:autoVerify="true" >
36-->src/main/AndroidManifest.xml:22:9-25:25
36-->src/main/AndroidManifest.xml:22:24-49
37                <action android:name="android.intent.action.MAIN" />
37-->src/main/AndroidManifest.xml:23:13-65
37-->src/main/AndroidManifest.xml:23:21-62
38
39                <category android:name="android.intent.category.LAUNCHER" />
39-->src/main/AndroidManifest.xml:24:13-73
39-->src/main/AndroidManifest.xml:24:23-70
40            </intent-filter>
41            <intent-filter>
41-->src/main/AndroidManifest.xml:26:9-31:25
42                <action android:name="android.intent.action.VIEW" />
42-->src/main/AndroidManifest.xml:27:13-65
42-->src/main/AndroidManifest.xml:27:21-62
43
44                <category android:name="android.intent.category.DEFAULT" />
44-->src/main/AndroidManifest.xml:28:13-72
44-->src/main/AndroidManifest.xml:28:23-69
45                <category android:name="android.intent.category.BROWSABLE" />
45-->src/main/AndroidManifest.xml:29:13-74
45-->src/main/AndroidManifest.xml:29:23-71
46
47                <data android:scheme="targetapp" />
47-->src/main/AndroidManifest.xml:30:13-48
47-->src/main/AndroidManifest.xml:30:19-45
48            </intent-filter>
49            <intent-filter>
49-->src/main/AndroidManifest.xml:32:9-39:25
50                <action android:name="android.intent.action.VIEW" />
50-->src/main/AndroidManifest.xml:27:13-65
50-->src/main/AndroidManifest.xml:27:21-62
51
52                <category android:name="android.intent.category.DEFAULT" />
52-->src/main/AndroidManifest.xml:28:13-72
52-->src/main/AndroidManifest.xml:28:23-69
53                <category android:name="android.intent.category.BROWSABLE" />
53-->src/main/AndroidManifest.xml:29:13-74
53-->src/main/AndroidManifest.xml:29:23-71
54
55                <data android:scheme="http" />
55-->src/main/AndroidManifest.xml:30:13-48
55-->src/main/AndroidManifest.xml:30:19-45
56                <data android:scheme="https" />
56-->src/main/AndroidManifest.xml:30:13-48
56-->src/main/AndroidManifest.xml:30:19-45
57                <data android:host="www.adobe-adl.com" />
57-->src/main/AndroidManifest.xml:30:13-48
58            </intent-filter>
59        </activity>
60        <activity android:name="com.adobe.marketing.mobile.AssuranceFullScreenTakeoverActivity" />
60-->[:adobe_react-native-aepassurance] AndroidManifest.xml:10:9-99
60-->[:adobe_react-native-aepassurance] AndroidManifest.xml:10:19-96
61        <activity
61-->[:adobe_react-native-aepcore] AndroidManifest.xml:10:9-12:40
62            android:name="com.adobe.marketing.mobile.FullscreenMessageActivity"
62-->[:adobe_react-native-aepcore] AndroidManifest.xml:11:13-80
63            android:exported="false" />
63-->[:adobe_react-native-aepcore] AndroidManifest.xml:12:13-37
64
65        <receiver
65-->[:adobe_react-native-aepcore] AndroidManifest.xml:14:9-16:40
66            android:name="com.adobe.marketing.mobile.LocalNotificationHandler"
66-->[:adobe_react-native-aepcore] AndroidManifest.xml:15:13-79
67            android:exported="false" />
67-->[:adobe_react-native-aepcore] AndroidManifest.xml:16:13-37
68
69        <activity android:name="com.adobe.marketing.mobile.AssuranceErrorDisplayActivity" />
69-->[com.adobe.marketing.mobile:assurance:1.0.4] AndroidManifest.xml:13:9-93
69-->[com.adobe.marketing.mobile:assurance:1.0.4] AndroidManifest.xml:13:19-90
70
71        <provider
71-->[androidx.emoji2:emoji2:1.0.0] AndroidManifest.xml:26:9-34:20
72            android:name="androidx.startup.InitializationProvider"
72-->[androidx.emoji2:emoji2:1.0.0] AndroidManifest.xml:27:13-67
73            android:authorities="com.targetapp.androidx-startup"
73-->[androidx.emoji2:emoji2:1.0.0] AndroidManifest.xml:28:13-68
74            android:exported="false" >
74-->[androidx.emoji2:emoji2:1.0.0] AndroidManifest.xml:29:13-37
75            <meta-data
75-->[androidx.emoji2:emoji2:1.0.0] AndroidManifest.xml:31:13-33:52
76                android:name="androidx.emoji2.text.EmojiCompatInitializer"
76-->[androidx.emoji2:emoji2:1.0.0] AndroidManifest.xml:32:17-75
77                android:value="androidx.startup" />
77-->[androidx.emoji2:emoji2:1.0.0] AndroidManifest.xml:33:17-49
78            <meta-data
78-->[androidx.lifecycle:lifecycle-process:2.4.0] AndroidManifest.xml:31:13-33:52
79                android:name="androidx.lifecycle.ProcessLifecycleInitializer"
79-->[androidx.lifecycle:lifecycle-process:2.4.0] AndroidManifest.xml:32:17-78
80                android:value="androidx.startup" />
80-->[androidx.lifecycle:lifecycle-process:2.4.0] AndroidManifest.xml:33:17-49
81        </provider>
82    </application>
83
84</manifest>